<?xml version="1.0" encoding="UTF-8"?>
<!-- Generated by org.testng.reporters.JUnitReportReporter -->
<testsuite hostname="Saryu-PC" failures="0" tests="1" name="FAQS.DEF" time="0.017" errors="0" timestamp="29 Nov 2019 22:31:55 GMT" skipped="0">
  <testcase classname="FAQS.DEF" name="main" time="0.017"/>
</testsuite> <!-- FAQS.DEF -->
